<?xml version="1.0" encoding="UTF-8"?>
<!-- Generated by org.testng.reporters.JUnitReportReporter -->
<testsuite hostname="DESKTOP-E8O95M6" name="gzs.wx.pojs" tests="1" failures="0" timestamp="17 Sep 2020 07:15:40 GMT" time="5.907" errors="0">
  <testcase name="testJs" time="5.907" classname="gzs.wx.pojs"/>
</testsuite> <!-- gzs.wx.pojs -->
